11/05/2020 02:03:31 PM train_infos: Started
11/05/2020 02:05:42 PM trains =>     lines: 1
11/05/2020 02:05:42 PM trains =>     Start_end_stations: 1
11/05/2020 02:05:42 PM trains =>     station_id: 1
11/05/2020 02:05:42 PM trains =>     lines: 2
11/05/2020 02:05:42 PM trains =>     Start_end_stations: 2
11/05/2020 02:05:42 PM trains =>     station_id: 2
11/05/2020 02:05:42 PM trains =>     lines: 3
11/05/2020 02:05:42 PM trains =>     Start_end_stations: 3
11/05/2020 02:05:42 PM trains =>     station_id: 3
11/05/2020 02:05:42 PM trains =>     lines: 4
11/05/2020 02:05:42 PM trains =>     Start_end_stations: 4
11/05/2020 02:05:42 PM trains =>     station_id: 4
11/05/2020 02:05:42 PM trains =>     lines: 5
11/05/2020 02:05:42 PM trains =>     Start_end_stations: 5
11/05/2020 02:05:42 PM trains =>     station_id: 5
11/05/2020 02:05:42 PM trains =>     lines: 6
11/05/2020 02:05:42 PM trains =>     Start_end_stations: 6
11/05/2020 02:05:42 PM trains =>     station_id: 6
11/05/2020 02:05:42 PM trains =>     lines: 3
11/05/2020 02:05:42 PM trains =>     Start_end_stations: 7
11/05/2020 02:05:42 PM trains =>     station_id: 7
11/05/2020 02:05:42 PM trains =>     lines: 3
11/05/2020 02:05:42 PM trains =>     Start_end_stations: 7
11/05/2020 02:05:42 PM trains =>     station_id: 8
11/05/2020 02:05:42 PM trains =>     lines: 7
11/05/2020 02:05:42 PM trains =>     Start_end_stations: 8
11/05/2020 02:05:42 PM trains =>     station_id: 9
11/05/2020 02:05:42 PM trains =>     lines: 7
11/05/2020 02:05:42 PM trains =>     Start_end_stations: 9
11/05/2020 02:05:42 PM trains =>     station_id: 10
11/05/2020 02:05:42 PM trains =>     lines: 7
11/05/2020 02:05:42 PM trains =>     Start_end_stations: 8
11/05/2020 02:05:42 PM trains =>     station_id: 11
11/05/2020 02:05:42 PM trains =>     lines: 8
11/05/2020 02:05:42 PM trains =>     Start_end_stations: 10
11/05/2020 02:05:42 PM trains =>     station_id: 12
11/05/2020 02:05:42 PM trains =>     lines: 9
11/05/2020 02:05:42 PM trains =>     Start_end_stations: 11
11/05/2020 02:05:42 PM trains =>     station_id: 13
11/05/2020 02:05:42 PM trains =>     lines: 8
11/05/2020 02:05:42 PM trains =>     Start_end_stations: 12
11/05/2020 02:05:42 PM trains =>     station_id: 14
11/05/2020 02:05:42 PM trains =>     lines: 10
11/05/2020 02:05:42 PM trains =>     Start_end_stations: 13
11/05/2020 02:05:42 PM trains =>     station_id: 15
11/05/2020 02:05:42 PM trains =>     lines: 11
11/05/2020 02:05:42 PM trains =>     Start_end_stations: 14
11/05/2020 02:05:42 PM trains =>     station_id: 16
11/05/2020 02:05:42 PM trains =>     lines: 12
11/05/2020 02:05:42 PM trains =>     Start_end_stations: 15
11/05/2020 02:05:42 PM trains =>     station_id: 17
11/05/2020 02:05:42 PM trains =>     lines: 6
11/05/2020 02:05:42 PM trains =>     Start_end_stations: 16
11/05/2020 02:05:42 PM trains =>     station_id: 18
11/05/2020 02:05:42 PM trains =>     lines: 10
11/05/2020 02:05:42 PM trains =>     Start_end_stations: 17
11/05/2020 02:05:42 PM trains =>     station_id: 19
11/05/2020 02:05:42 PM trains =>     lines: 13
11/05/2020 02:05:42 PM trains =>     Start_end_stations: 18
11/05/2020 02:05:42 PM trains =>     station_id: 20
11/05/2020 02:05:42 PM trains =>     lines: 6
11/05/2020 02:05:42 PM trains =>     Start_end_stations: 19
11/05/2020 02:05:42 PM trains =>     station_id: 21
11/05/2020 02:05:42 PM trains =>     lines: 12
11/05/2020 02:05:42 PM trains =>     Start_end_stations: 20
11/05/2020 02:05:42 PM trains =>     station_id: 22
11/05/2020 02:05:42 PM trains =>     lines: 14
11/05/2020 02:05:42 PM trains =>     Start_end_stations: 21
11/05/2020 02:05:42 PM trains =>     station_id: 23
11/05/2020 02:05:42 PM trains =>     lines: 6
11/05/2020 02:05:42 PM trains =>     Start_end_stations: 19
11/05/2020 02:05:42 PM trains =>     station_id: 24
11/05/2020 02:05:42 PM trains =>     lines: 12
11/05/2020 02:05:42 PM trains =>     Start_end_stations: 22
11/05/2020 02:05:42 PM trains =>     station_id: 25
11/05/2020 02:05:42 PM trains =>     lines: 15
11/05/2020 02:05:42 PM trains =>     Start_end_stations: 23
11/05/2020 02:05:42 PM trains =>     station_id: 26
11/05/2020 02:05:42 PM trains =>     lines: 16
11/05/2020 02:05:42 PM trains =>     Start_end_stations: 24
11/05/2020 02:05:42 PM trains =>     station_id: 27
11/05/2020 02:05:42 PM trains =>     lines: 17
11/05/2020 02:05:42 PM trains =>     Start_end_stations: 25
11/05/2020 02:05:42 PM trains =>     station_id: 28
11/05/2020 02:05:42 PM trains =>     lines: 6
11/05/2020 02:05:42 PM trains =>     Start_end_stations: 26
11/05/2020 02:05:42 PM trains =>     station_id: 29
11/05/2020 02:05:42 PM trains =>     lines: 18
11/05/2020 02:05:42 PM trains =>     Start_end_stations: 27
11/05/2020 02:05:42 PM trains =>     station_id: 30
11/05/2020 02:05:42 PM trains =>     lines: 6
11/05/2020 02:05:42 PM trains =>     Start_end_stations: 26
11/05/2020 02:05:42 PM trains =>     station_id: 31
11/05/2020 02:05:42 PM trains =>     lines: 13
11/05/2020 02:05:42 PM trains =>     Start_end_stations: 28
11/05/2020 02:05:42 PM trains =>     station_id: 32
11/05/2020 02:05:42 PM trains =>     lines: 19
11/05/2020 02:05:42 PM trains =>     Start_end_stations: 29
11/05/2020 02:05:42 PM trains =>     station_id: 33
11/05/2020 02:05:42 PM trains =>     lines: 20
11/05/2020 02:05:42 PM trains =>     Start_end_stations: 30
11/05/2020 02:05:42 PM trains =>     station_id: 34
11/05/2020 02:05:42 PM trains =>     lines: 20
11/05/2020 02:05:42 PM trains =>     Start_end_stations: 31
11/05/2020 02:05:42 PM trains =>     station_id: 35
11/05/2020 02:05:42 PM trains =>     lines: 15
11/05/2020 02:05:42 PM trains =>     Start_end_stations: 32
11/05/2020 02:05:42 PM trains =>     station_id: 36
11/05/2020 02:05:42 PM trains =>     lines: 21
11/05/2020 02:05:42 PM trains =>     Start_end_stations: 33
11/05/2020 02:05:42 PM trains =>     station_id: 37
11/05/2020 02:05:42 PM trains =>     lines: 22
11/05/2020 02:05:42 PM trains =>     Start_end_stations: 34
11/05/2020 02:05:42 PM trains =>     station_id: 38
11/05/2020 02:05:42 PM trains =>     lines: 22
11/05/2020 02:05:42 PM trains =>     Start_end_stations: 34
11/05/2020 02:05:42 PM trains =>     station_id: 39
11/05/2020 02:05:42 PM trains =>     lines: 23
11/05/2020 02:05:42 PM trains =>     Start_end_stations: 35
11/05/2020 02:05:42 PM trains =>     station_id: 40
11/05/2020 02:05:42 PM trains =>     lines: 24
11/05/2020 02:05:42 PM trains =>     Start_end_stations: 36
11/05/2020 02:05:42 PM trains =>     station_id: 41
11/05/2020 02:05:42 PM trains =>     lines: 25
11/05/2020 02:05:42 PM trains =>     Start_end_stations: 37
11/05/2020 02:05:42 PM trains =>     station_id: 42
11/05/2020 02:05:42 PM trains =>     lines: 26
11/05/2020 02:05:42 PM trains =>     Start_end_stations: 38
11/05/2020 02:05:42 PM trains =>     station_id: 43
11/05/2020 02:05:42 PM trains =>     lines: 27
11/05/2020 02:05:42 PM trains =>     Start_end_stations: 39
11/05/2020 02:05:42 PM trains =>     station_id: 44
11/05/2020 02:05:42 PM trains =>     lines: 28
11/05/2020 02:05:42 PM trains =>     Start_end_stations: 40
11/05/2020 02:05:42 PM trains =>     station_id: 45
11/05/2020 02:05:42 PM trains =>     lines: 29
11/05/2020 02:05:42 PM trains =>     Start_end_stations: 41
11/05/2020 02:05:42 PM trains =>     station_id: 46
11/05/2020 02:05:42 PM trains =>     lines: 30
11/05/2020 02:05:42 PM trains =>     Start_end_stations: 42
11/05/2020 02:05:42 PM trains =>     station_id: 47
11/05/2020 02:05:42 PM trains =>     lines: 31
11/05/2020 02:05:42 PM trains =>     Start_end_stations: 43
11/05/2020 02:05:42 PM trains =>     station_id: 48
11/05/2020 02:05:42 PM trains =>     lines: 32
11/05/2020 02:05:42 PM trains =>     Start_end_stations: 44
11/05/2020 02:05:42 PM trains =>     station_id: 49
11/05/2020 02:05:42 PM trains =>     lines: 31
11/05/2020 02:05:42 PM trains =>     Start_end_stations: 45
11/05/2020 02:05:42 PM trains =>     station_id: 50
11/05/2020 02:05:42 PM trains =>     lines: 33
11/05/2020 02:05:42 PM trains =>     Start_end_stations: 46
11/05/2020 02:05:42 PM trains =>     station_id: 51
11/05/2020 02:05:42 PM trains =>     lines: 34
11/05/2020 02:05:42 PM trains =>     Start_end_stations: 47
11/05/2020 02:05:42 PM trains =>     station_id: 52
11/05/2020 02:05:42 PM trains =>     lines: 35
11/05/2020 02:05:42 PM trains =>     Start_end_stations: 48
11/05/2020 02:05:42 PM trains =>     station_id: 53
11/05/2020 02:05:42 PM trains =>     lines: 29
11/05/2020 02:05:42 PM trains =>     Start_end_stations: 49
11/05/2020 02:05:42 PM trains =>     station_id: 54
11/05/2020 02:05:42 PM trains =>     lines: 36
11/05/2020 02:05:42 PM trains =>     Start_end_stations: 50
11/05/2020 02:05:42 PM trains =>     station_id: 55
11/05/2020 02:05:42 PM trains =>     lines: 37
11/05/2020 02:05:42 PM trains =>     Start_end_stations: 51
11/05/2020 02:05:42 PM trains =>     station_id: 56
11/05/2020 02:05:42 PM trains =>     lines: 7
11/05/2020 02:05:42 PM trains =>     Start_end_stations: 52
11/05/2020 02:05:42 PM trains =>     station_id: 57
11/05/2020 02:05:42 PM trains =>     lines: 38
11/05/2020 02:05:42 PM trains =>     Start_end_stations: 53
11/05/2020 02:05:42 PM trains =>     station_id: 58
11/05/2020 02:05:42 PM trains =>     lines: 7
11/05/2020 02:05:42 PM trains =>     Start_end_stations: 54
11/05/2020 02:05:42 PM trains =>     station_id: 59
11/05/2020 02:05:42 PM trains =>     lines: 7
11/05/2020 02:05:42 PM trains =>     Start_end_stations: 52
11/05/2020 02:05:42 PM trains =>     station_id: 60
11/05/2020 02:05:42 PM trains =>     lines: 3
11/05/2020 02:05:42 PM trains =>     Start_end_stations: 55
11/05/2020 02:05:42 PM trains =>     station_id: 61
11/05/2020 02:05:42 PM trains =>     lines: 39
11/05/2020 02:05:42 PM trains =>     Start_end_stations: 56
11/05/2020 02:05:42 PM trains =>     station_id: 62
11/05/2020 02:05:42 PM trains =>     lines: 19
11/05/2020 02:05:42 PM trains =>     Start_end_stations: 57
11/05/2020 02:05:42 PM trains =>     station_id: 63
11/05/2020 02:05:42 PM trains =>     lines: 40
11/05/2020 02:05:42 PM trains =>     Start_end_stations: 58
11/05/2020 02:05:42 PM trains =>     station_id: 64
11/05/2020 02:05:42 PM trains =>     lines: 36
11/05/2020 02:05:42 PM trains =>     Start_end_stations: 59
11/05/2020 02:05:42 PM trains =>     station_id: 65
11/05/2020 02:05:42 PM trains =>     lines: 16
11/05/2020 02:05:42 PM trains =>     Start_end_stations: 60
11/05/2020 02:05:43 PM trains =>     station_id: 66
11/05/2020 02:05:43 PM trains =>     lines: 36
11/05/2020 02:05:43 PM trains =>     Start_end_stations: 61
11/05/2020 02:05:43 PM trains =>     station_id: 67
11/05/2020 02:05:43 PM trains =>     lines: 7
11/05/2020 02:05:43 PM trains =>     Start_end_stations: 62
11/05/2020 02:05:43 PM trains =>     station_id: 68
11/05/2020 02:05:43 PM trains =>     lines: 28
11/05/2020 02:05:43 PM trains =>     Start_end_stations: 63
11/05/2020 02:05:43 PM trains =>     station_id: 69
11/05/2020 02:05:43 PM trains =>     lines: 6
11/05/2020 02:05:43 PM trains =>     Start_end_stations: 64
11/05/2020 02:05:43 PM trains =>     station_id: 70
11/05/2020 02:05:43 PM trains =>     lines: 6
11/05/2020 02:05:43 PM trains =>     Start_end_stations: 65
11/05/2020 02:05:43 PM trains =>     station_id: 71
11/05/2020 02:05:43 PM trains =>     lines: 32
11/05/2020 02:05:43 PM trains =>     Start_end_stations: 66
11/05/2020 02:05:43 PM trains =>     station_id: 72
11/05/2020 02:05:43 PM trains =>     lines: 27
11/05/2020 02:05:43 PM trains =>     Start_end_stations: 67
11/05/2020 02:05:43 PM trains =>     station_id: 73
11/05/2020 02:05:43 PM trains =>     lines: 6
11/05/2020 02:05:43 PM trains =>     Start_end_stations: 68
11/05/2020 02:05:43 PM trains =>     station_id: 74
11/05/2020 02:05:43 PM trains =>     lines: 21
11/05/2020 02:05:43 PM trains =>     Start_end_stations: 69
11/05/2020 02:05:43 PM trains =>     station_id: 75
11/05/2020 02:05:43 PM trains =>     lines: 41
11/05/2020 02:05:43 PM trains =>     Start_end_stations: 70
11/05/2020 02:05:43 PM trains =>     station_id: 76
11/05/2020 02:05:43 PM trains =>     lines: 21
11/05/2020 02:05:43 PM trains =>     Start_end_stations: 71
11/05/2020 02:05:43 PM trains =>     station_id: 77
11/05/2020 02:05:43 PM trains =>     lines: 42
11/05/2020 02:05:43 PM trains =>     Start_end_stations: 72
11/05/2020 02:05:43 PM trains =>     station_id: 78
11/05/2020 02:05:43 PM trains =>     lines: 21
11/05/2020 02:05:43 PM trains =>     Start_end_stations: 73
11/05/2020 02:05:43 PM trains =>     station_id: 79
11/05/2020 02:05:43 PM trains =>     lines: 43
11/05/2020 02:05:43 PM trains =>     Start_end_stations: 74
11/05/2020 02:05:43 PM trains =>     station_id: 80
11/05/2020 02:05:43 PM trains =>     lines: 41
11/05/2020 02:05:43 PM trains =>     Start_end_stations: 75
11/05/2020 02:05:43 PM trains =>     station_id: 81
11/05/2020 02:05:43 PM trains =>     lines: 7
11/05/2020 02:05:43 PM trains =>     Start_end_stations: 76
11/05/2020 02:05:43 PM trains =>     station_id: 82
11/05/2020 02:05:43 PM trains =>     lines: 16
11/05/2020 02:05:43 PM trains =>     Start_end_stations: 77
11/05/2020 02:05:43 PM trains =>     station_id: 83
11/05/2020 02:05:43 PM trains =>     lines: 21
11/05/2020 02:05:43 PM trains =>     Start_end_stations: 78
11/05/2020 02:05:43 PM trains =>     station_id: 84
11/05/2020 02:05:43 PM trains =>     lines: 21
11/05/2020 02:05:43 PM trains =>     Start_end_stations: 78
11/05/2020 02:05:43 PM trains =>     station_id: 85
11/05/2020 02:05:43 PM trains =>     lines: 2
11/05/2020 02:05:43 PM trains =>     Start_end_stations: 79
11/05/2020 02:05:43 PM trains =>     station_id: 86
11/05/2020 02:05:43 PM trains =>     lines: 41
11/05/2020 02:05:43 PM trains =>     Start_end_stations: 80
11/05/2020 02:05:43 PM trains =>     station_id: 87
11/05/2020 02:05:43 PM trains =>     lines: 18
11/05/2020 02:05:43 PM trains =>     Start_end_stations: 81
11/05/2020 02:05:43 PM trains =>     station_id: 88
11/05/2020 02:05:43 PM trains =>     lines: 44
11/05/2020 02:05:43 PM trains =>     Start_end_stations: 82
11/05/2020 02:05:43 PM trains =>     station_id: 89
11/05/2020 02:05:43 PM trains =>     lines: 44
11/05/2020 02:05:43 PM trains =>     Start_end_stations: 83
11/05/2020 02:05:43 PM trains =>     station_id: 90
11/05/2020 02:05:43 PM trains =>     lines: 3
11/05/2020 02:05:43 PM trains =>     Start_end_stations: 84
11/05/2020 02:05:43 PM trains =>     station_id: 91
11/05/2020 02:05:43 PM trains =>     lines: 44
11/05/2020 02:05:43 PM trains =>     Start_end_stations: 85
11/05/2020 02:05:43 PM trains =>     station_id: 92
11/05/2020 02:05:43 PM trains =>     lines: 21
11/05/2020 02:05:43 PM trains =>     Start_end_stations: 86
11/05/2020 02:05:43 PM trains =>     station_id: 93
11/05/2020 02:05:43 PM trains =>     lines: 21
11/05/2020 02:05:43 PM trains =>     Start_end_stations: 87
11/05/2020 02:05:43 PM trains =>     station_id: 94
11/05/2020 02:05:43 PM trains =>     lines: 34
11/05/2020 02:05:43 PM trains =>     Start_end_stations: 88
11/05/2020 02:05:43 PM trains =>     station_id: 95
11/05/2020 02:05:43 PM trains =>     lines: 45
11/05/2020 02:05:43 PM trains =>     Start_end_stations: 89
11/05/2020 02:05:43 PM trains =>     station_id: 96
11/05/2020 02:05:43 PM trains =>     lines: 46
11/05/2020 02:05:43 PM trains =>     Start_end_stations: 90
11/05/2020 02:05:43 PM trains =>     station_id: 97
11/05/2020 02:05:43 PM trains =>     lines: 7
11/05/2020 02:05:43 PM trains =>     Start_end_stations: 76
11/05/2020 02:05:43 PM trains =>     station_id: 98
11/05/2020 02:05:43 PM trains =>     lines: 19
11/05/2020 02:05:43 PM trains =>     Start_end_stations: 91
11/05/2020 02:05:43 PM trains =>     station_id: 99
11/05/2020 02:05:43 PM trains =>     lines: 7
11/05/2020 02:05:43 PM trains =>     Start_end_stations: 92
11/05/2020 02:05:43 PM trains =>     station_id: 100
11/05/2020 02:05:43 PM trains =>     lines: 15
11/05/2020 02:05:43 PM trains =>     Start_end_stations: 93
11/05/2020 02:05:43 PM trains =>     station_id: 101
11/05/2020 02:05:43 PM trains =>     lines: 44
11/05/2020 02:05:43 PM trains =>     Start_end_stations: 94
11/05/2020 02:05:43 PM trains =>     station_id: 102
11/05/2020 02:05:43 PM trains =>     lines: 25
11/05/2020 02:05:43 PM trains =>     Start_end_stations: 95
11/05/2020 02:05:43 PM trains =>     station_id: 103
11/05/2020 02:05:43 PM trains =>     lines: 44
11/05/2020 02:05:43 PM trains =>     Start_end_stations: 96
11/05/2020 02:05:43 PM trains =>     station_id: 104
11/05/2020 02:05:43 PM trains =>     lines: 31
11/05/2020 02:05:43 PM trains =>     Start_end_stations: 97
11/05/2020 02:05:43 PM trains =>     station_id: 105
11/05/2020 02:05:43 PM trains =>     lines: 1
11/05/2020 02:05:43 PM trains =>     Start_end_stations: 98
11/05/2020 02:05:43 PM trains =>     station_id: 106
11/05/2020 02:05:43 PM trains =>     lines: 47
11/05/2020 02:05:43 PM trains =>     Start_end_stations: 99
11/05/2020 02:05:43 PM trains =>     station_id: 107
11/05/2020 02:05:43 PM trains =>     lines: 24
11/05/2020 02:05:43 PM trains =>     Start_end_stations: 100
11/05/2020 02:05:43 PM trains =>     station_id: 108
11/05/2020 02:05:43 PM trains =>     lines: 8
11/05/2020 02:05:43 PM trains =>     Start_end_stations: 101
11/05/2020 02:05:43 PM trains =>     station_id: 109
11/05/2020 02:05:43 PM trains =>     lines: 8
11/05/2020 02:05:43 PM trains =>     Start_end_stations: 102
11/05/2020 02:05:43 PM trains =>     station_id: 110
11/05/2020 02:05:43 PM trains =>     lines: 21
11/05/2020 02:05:43 PM trains =>     Start_end_stations: 103
11/05/2020 02:05:43 PM trains =>     station_id: 111
11/05/2020 02:05:43 PM trains =>     lines: 44
11/05/2020 02:05:43 PM trains =>     Start_end_stations: 104
11/05/2020 02:05:43 PM trains =>     station_id: 112
11/05/2020 02:05:43 PM trains =>     lines: 48
11/05/2020 02:05:43 PM trains =>     Start_end_stations: 105
11/05/2020 02:05:43 PM trains =>     station_id: 113
11/05/2020 02:05:43 PM trains =>     lines: 49
11/05/2020 02:05:43 PM trains =>     Start_end_stations: 106
11/05/2020 02:05:43 PM trains =>     station_id: 114
11/05/2020 02:05:43 PM trains =>     lines: 15
11/05/2020 02:05:43 PM trains =>     Start_end_stations: 107
11/05/2020 02:05:43 PM trains =>     station_id: 115
11/05/2020 02:05:43 PM trains =>     lines: 50
11/05/2020 02:05:43 PM trains =>     Start_end_stations: 108
11/05/2020 02:05:43 PM trains =>     station_id: 116
11/05/2020 02:05:43 PM trains =>     lines: 51
11/05/2020 02:05:43 PM trains =>     Start_end_stations: 109
11/05/2020 02:05:43 PM trains =>     station_id: 117
11/05/2020 02:05:43 PM trains =>     lines: 52
11/05/2020 02:05:43 PM trains =>     Start_end_stations: 110
11/05/2020 02:05:43 PM trains =>     station_id: 118
11/05/2020 02:05:43 PM trains =>     lines: 53
11/05/2020 02:05:43 PM trains =>     Start_end_stations: 111
11/05/2020 02:05:43 PM trains =>     station_id: 119
11/05/2020 02:05:43 PM trains =>     lines: 54
11/05/2020 02:05:43 PM trains =>     Start_end_stations: 112
11/05/2020 02:05:43 PM trains =>     station_id: 120
11/05/2020 02:05:43 PM trains =>     lines: 34
11/05/2020 02:05:43 PM trains =>     Start_end_stations: 113
11/05/2020 02:05:43 PM trains =>     station_id: 121
11/05/2020 02:05:43 PM trains =>     lines: 16
11/05/2020 02:05:43 PM trains =>     Start_end_stations: 114
11/05/2020 02:05:43 PM trains =>     station_id: 122
11/05/2020 02:05:43 PM trains =>     lines: 54
11/05/2020 02:05:43 PM trains =>     Start_end_stations: 115
11/05/2020 02:05:43 PM trains =>     station_id: 123
11/05/2020 02:05:43 PM trains =>     lines: 55
11/05/2020 02:05:43 PM trains =>     Start_end_stations: 116
11/05/2020 02:05:43 PM trains =>     station_id: 124
11/05/2020 02:05:43 PM trains =>     lines: 49
11/05/2020 02:05:43 PM trains =>     Start_end_stations: 117
11/05/2020 02:05:43 PM trains =>     station_id: 125
11/05/2020 02:05:43 PM trains =>     lines: 16
11/05/2020 02:05:43 PM trains =>     Start_end_stations: 118
11/05/2020 02:05:43 PM trains =>     station_id: 126
11/05/2020 02:05:43 PM trains =>     lines: 13
11/05/2020 02:05:43 PM trains =>     Start_end_stations: 119
11/05/2020 02:05:43 PM trains =>     station_id: 127
11/05/2020 02:05:43 PM trains =>     lines: 3
11/05/2020 02:05:43 PM trains =>     Start_end_stations: 120
11/05/2020 02:05:43 PM trains =>     station_id: 128
11/05/2020 02:05:43 PM trains =>     lines: 56
11/05/2020 02:05:43 PM trains =>     Start_end_stations: 121
11/05/2020 02:05:43 PM trains =>     station_id: 129
11/05/2020 02:05:43 PM trains =>     lines: 57
11/05/2020 02:05:43 PM trains =>     Start_end_stations: 122
11/05/2020 02:05:43 PM trains =>     station_id: 130
11/05/2020 02:05:43 PM trains =>     lines: 16
11/05/2020 02:05:43 PM trains =>     Start_end_stations: 123
11/05/2020 02:05:43 PM trains =>     station_id: 131
11/05/2020 02:05:43 PM trains =>     lines: 13
11/05/2020 02:05:43 PM trains =>     Start_end_stations: 18
11/05/2020 02:05:43 PM trains =>     station_id: 132
11/05/2020 02:05:43 PM trains =>     lines: 12
11/05/2020 02:05:43 PM trains =>     Start_end_stations: 20
11/05/2020 02:05:43 PM trains =>     station_id: 133
11/05/2020 02:05:43 PM trains =>     lines: 13
11/05/2020 02:05:43 PM trains =>     Start_end_stations: 124
11/05/2020 02:05:43 PM trains =>     station_id: 134
11/05/2020 02:05:43 PM trains =>     lines: 13
11/05/2020 02:05:43 PM trains =>     Start_end_stations: 125
11/05/2020 02:05:43 PM trains =>     station_id: 135
11/05/2020 02:05:43 PM trains =>     lines: 36
11/05/2020 02:05:43 PM trains =>     Start_end_stations: 126
11/05/2020 02:05:43 PM trains =>     station_id: 136
11/05/2020 02:05:43 PM trains =>     lines: 13
11/05/2020 02:05:43 PM trains =>     Start_end_stations: 127
11/05/2020 02:05:43 PM trains =>     station_id: 137
11/05/2020 02:05:43 PM trains =>     lines: 13
11/05/2020 02:05:43 PM trains =>     Start_end_stations: 124
11/05/2020 02:05:43 PM trains =>     station_id: 138
11/05/2020 02:05:43 PM trains =>     lines: 49
11/05/2020 02:05:43 PM trains =>     Start_end_stations: 128
11/05/2020 02:05:43 PM trains =>     station_id: 139
11/05/2020 02:05:43 PM trains =>     lines: 16
11/05/2020 02:05:43 PM trains =>     Start_end_stations: 24
11/05/2020 02:05:43 PM trains =>     station_id: 140
11/05/2020 02:05:43 PM trains =>     lines: 26
11/05/2020 02:05:43 PM trains =>     Start_end_stations: 129
11/05/2020 02:05:43 PM trains =>     station_id: 141
11/05/2020 02:05:43 PM trains =>     lines: 26
11/05/2020 02:05:43 PM trains =>     Start_end_stations: 130
11/05/2020 02:05:43 PM trains =>     station_id: 142
11/05/2020 02:05:43 PM trains =>     lines: 16
11/05/2020 02:05:43 PM trains =>     Start_end_stations: 131
11/05/2020 02:05:43 PM trains =>     station_id: 143
11/05/2020 02:05:43 PM trains =>     lines: 58
11/05/2020 02:05:43 PM trains =>     Start_end_stations: 132
11/05/2020 02:05:43 PM trains =>     station_id: 144
11/05/2020 02:05:43 PM trains =>     lines: 16
11/05/2020 02:05:43 PM trains =>     Start_end_stations: 133
11/05/2020 02:05:43 PM trains =>     station_id: 145
11/05/2020 02:05:43 PM trains =>     lines: 2
11/05/2020 02:05:43 PM trains =>     Start_end_stations: 134
11/05/2020 02:05:43 PM trains =>     station_id: 146
11/05/2020 02:05:43 PM trains =>     lines: 18
11/05/2020 02:05:43 PM trains =>     Start_end_stations: 27
11/05/2020 02:05:43 PM trains =>     station_id: 147
11/05/2020 02:05:43 PM trains =>     lines: 49
11/05/2020 02:05:43 PM trains =>     Start_end_stations: 135
11/05/2020 02:05:43 PM trains =>     station_id: 148
11/05/2020 02:05:43 PM trains =>     lines: 49
11/05/2020 02:05:43 PM trains =>     Start_end_stations: 136
11/05/2020 02:05:43 PM trains =>     station_id: 149
11/05/2020 02:05:43 PM trains =>     lines: 34
11/05/2020 02:05:43 PM trains =>     Start_end_stations: 137
11/05/2020 02:05:43 PM trains =>     station_id: 150
11/05/2020 02:05:43 PM trains =>     lines: 49
11/05/2020 02:05:43 PM trains =>     Start_end_stations: 138
11/05/2020 02:05:43 PM trains =>     station_id: 151
11/05/2020 02:05:43 PM trains =>     lines: 15
11/05/2020 02:05:43 PM trains =>     Start_end_stations: 32
11/05/2020 02:05:43 PM trains =>     station_id: 152
11/05/2020 02:05:43 PM trains =>     lines: 49
11/05/2020 02:05:43 PM trains =>     Start_end_stations: 138
11/05/2020 02:05:43 PM trains =>     station_id: 153
11/05/2020 02:05:43 PM trains =>     lines: 59
11/05/2020 02:05:43 PM trains =>     Start_end_stations: 139
11/05/2020 02:05:43 PM trains =>     station_id: 154
11/05/2020 02:05:43 PM trains =>     lines: 2
11/05/2020 02:05:43 PM trains =>     Start_end_stations: 140
11/05/2020 02:05:43 PM trains =>     station_id: 155
11/05/2020 02:05:43 PM trains =>     lines: 13
11/05/2020 02:05:43 PM trains =>     Start_end_stations: 141
11/05/2020 02:05:43 PM trains =>     station_id: 156
11/05/2020 02:05:43 PM trains =>     lines: 49
11/05/2020 02:05:43 PM trains =>     Start_end_stations: 142
11/05/2020 02:05:43 PM trains =>     station_id: 157
11/05/2020 02:05:43 PM trains =>     lines: 17
11/05/2020 02:05:43 PM trains =>     Start_end_stations: 143
11/05/2020 02:05:43 PM trains =>     station_id: 158
11/05/2020 02:05:43 PM trains =>     lines: 21
11/05/2020 02:05:43 PM trains =>     Start_end_stations: 144
11/05/2020 02:05:43 PM trains =>     station_id: 159
11/05/2020 02:05:43 PM trains =>     lines: 20
11/05/2020 02:05:43 PM trains =>     Start_end_stations: 145
11/05/2020 02:05:43 PM trains =>     station_id: 160
11/05/2020 02:05:43 PM trains =>     lines: 44
11/05/2020 02:05:43 PM trains =>     Start_end_stations: 146
11/05/2020 02:05:43 PM trains =>     station_id: 161
11/05/2020 02:05:43 PM trains =>     lines: 17
11/05/2020 02:05:43 PM trains =>     Start_end_stations: 147
11/05/2020 02:05:43 PM trains =>     station_id: 162
11/05/2020 02:05:43 PM trains =>     lines: 44
11/05/2020 02:05:43 PM trains =>     Start_end_stations: 148
11/05/2020 02:05:43 PM trains =>     station_id: 163
11/05/2020 02:05:43 PM trains =>     lines: 43
11/05/2020 02:05:43 PM trains =>     Start_end_stations: 149
11/05/2020 02:05:43 PM trains =>     station_id: 164
11/05/2020 02:05:43 PM trains =>     lines: 60
11/05/2020 02:05:43 PM trains =>     Start_end_stations: 150
11/05/2020 02:05:43 PM trains =>     station_id: 165
11/05/2020 02:05:43 PM trains =>     lines: 36
11/05/2020 02:05:43 PM trains =>     Start_end_stations: 151
11/05/2020 02:05:43 PM trains =>     station_id: 166
11/05/2020 02:05:43 PM trains =>     lines: 21
11/05/2020 02:05:43 PM trains =>     Start_end_stations: 152
11/05/2020 02:05:44 PM trains =>     station_id: 167
11/05/2020 02:05:44 PM trains =>     lines: 8
11/05/2020 02:05:44 PM trains =>     Start_end_stations: 12
11/05/2020 02:05:44 PM trains =>     station_id: 168
11/05/2020 02:05:44 PM trains =>     lines: 16
11/05/2020 02:05:44 PM trains =>     Start_end_stations: 153
11/05/2020 02:05:44 PM trains =>     station_id: 169
11/05/2020 02:05:44 PM trains =>     lines: 27
11/05/2020 02:05:44 PM trains =>     Start_end_stations: 39
11/05/2020 02:05:44 PM trains =>     station_id: 170
11/05/2020 02:05:44 PM trains =>     lines: 24
11/05/2020 02:05:44 PM trains =>     Start_end_stations: 154
11/05/2020 02:05:44 PM trains =>     station_id: 171
11/05/2020 02:05:44 PM trains =>     lines: 61
11/05/2020 02:05:44 PM trains =>     Start_end_stations: 155
11/05/2020 02:05:44 PM trains =>     station_id: 172
11/05/2020 02:05:44 PM trains =>     lines: 61
11/05/2020 02:05:44 PM trains =>     Start_end_stations: 155
11/05/2020 02:05:44 PM trains =>     station_id: 173
11/05/2020 02:05:44 PM trains =>     lines: 26
11/05/2020 02:05:44 PM trains =>     Start_end_stations: 156
11/05/2020 02:05:44 PM trains =>     station_id: 174
11/05/2020 02:05:44 PM trains =>     lines: 36
11/05/2020 02:05:44 PM trains =>     Start_end_stations: 61
11/05/2020 02:05:44 PM trains =>     station_id: 175
11/05/2020 02:05:44 PM trains =>     lines: 44
11/05/2020 02:05:44 PM trains =>     Start_end_stations: 157
11/05/2020 02:05:44 PM trains =>     station_id: 176
11/05/2020 02:05:44 PM trains =>     lines: 33
11/05/2020 02:05:44 PM trains =>     Start_end_stations: 46
11/05/2020 02:05:44 PM trains =>     station_id: 177
11/05/2020 02:05:44 PM trains =>     lines: 62
11/05/2020 02:05:44 PM trains =>     Start_end_stations: 158
11/05/2020 02:05:44 PM trains =>     station_id: 178
11/05/2020 02:05:44 PM trains =>     lines: 34
11/05/2020 02:05:44 PM trains =>     Start_end_stations: 47
11/05/2020 02:05:44 PM trains =>     station_id: 179
11/05/2020 02:05:44 PM trains =>     lines: 17
11/05/2020 02:05:44 PM trains =>     Start_end_stations: 159
11/05/2020 02:05:44 PM trains =>     station_id: 180
11/05/2020 02:05:44 PM trains =>     lines: 63
11/05/2020 02:05:44 PM trains =>     Start_end_stations: 160
11/05/2020 02:05:44 PM trains =>     station_id: 181
11/05/2020 02:05:44 PM trains =>     lines: 6
11/05/2020 02:05:44 PM trains =>     Start_end_stations: 161
11/05/2020 02:05:44 PM trains =>     station_id: 182
11/05/2020 02:05:44 PM trains =>     lines: 43
11/05/2020 02:05:44 PM trains =>     Start_end_stations: 162
11/05/2020 02:05:44 PM trains =>     station_id: 183
11/05/2020 02:05:44 PM trains =>     lines: 64
11/05/2020 02:05:44 PM trains =>     Start_end_stations: 163
11/05/2020 02:05:44 PM trains =>     station_id: 184
11/05/2020 02:05:44 PM trains =>     lines: 6
11/05/2020 02:05:44 PM trains =>     Start_end_stations: 6
11/05/2020 02:05:44 PM trains =>     station_id: 185
11/05/2020 02:05:44 PM trains =>     lines: 65
11/05/2020 02:05:44 PM trains =>     Start_end_stations: 164
11/05/2020 02:05:44 PM trains =>     station_id: 186
11/05/2020 02:05:44 PM trains =>     lines: 9
11/05/2020 02:05:44 PM trains =>     Start_end_stations: 165
11/05/2020 02:05:44 PM trains =>     station_id: 187
11/05/2020 02:05:44 PM trains =>     lines: 61
11/05/2020 02:05:44 PM trains =>     Start_end_stations: 166
11/05/2020 02:05:44 PM trains =>     station_id: 188
11/05/2020 02:05:44 PM trains =>     lines: 61
11/05/2020 02:05:44 PM trains =>     Start_end_stations: 167
11/05/2020 02:05:44 PM trains =>     station_id: 189
11/05/2020 02:05:44 PM trains =>     lines: 65
11/05/2020 02:05:44 PM trains =>     Start_end_stations: 164
11/05/2020 02:05:44 PM trains =>     station_id: 190
11/05/2020 02:05:44 PM trains =>     lines: 65
11/05/2020 02:05:44 PM trains =>     Start_end_stations: 168
11/05/2020 02:05:44 PM trains =>     station_id: 191
11/05/2020 02:05:44 PM trains =>     lines: 65
11/05/2020 02:05:44 PM trains =>     Start_end_stations: 169
11/05/2020 02:05:44 PM trains =>     station_id: 192
11/05/2020 02:05:44 PM trains =>     lines: 31
11/05/2020 02:05:44 PM trains =>     Start_end_stations: 170
11/05/2020 02:05:44 PM trains =>     station_id: 193
11/05/2020 02:05:44 PM trains =>     lines: 36
11/05/2020 02:05:44 PM trains =>     Start_end_stations: 171
11/05/2020 02:05:44 PM trains =>     station_id: 194
11/05/2020 02:05:44 PM trains =>     lines: 66
11/05/2020 02:05:44 PM trains =>     Start_end_stations: 172
11/05/2020 02:05:44 PM trains =>     station_id: 195
11/05/2020 02:05:44 PM trains =>     lines: 67
11/05/2020 02:05:44 PM trains =>     Start_end_stations: 173
11/05/2020 02:05:44 PM trains =>     station_id: 196
11/05/2020 02:05:44 PM trains =>     lines: 68
11/05/2020 02:05:44 PM trains =>     Start_end_stations: 174
11/05/2020 02:05:44 PM trains =>     station_id: 197
11/05/2020 02:05:44 PM trains =>     lines: 9
11/05/2020 02:05:44 PM trains =>     Start_end_stations: 175
11/05/2020 02:05:44 PM trains =>     station_id: 198
11/05/2020 02:05:44 PM trains =>     lines: 9
11/05/2020 02:05:44 PM trains =>     Start_end_stations: 176
11/05/2020 02:05:44 PM trains =>     station_id: 199
11/05/2020 02:05:44 PM trains =>     lines: 67
11/05/2020 02:05:44 PM trains =>     Start_end_stations: 173
11/05/2020 02:05:44 PM trains =>     station_id: 200
11/05/2020 02:05:44 PM trains =>     lines: 44
11/05/2020 02:05:44 PM trains =>     Start_end_stations: 177
11/05/2020 02:05:44 PM trains =>     station_id: 201
11/05/2020 02:05:44 PM trains =>     lines: 65
11/05/2020 02:05:44 PM trains =>     Start_end_stations: 178
11/05/2020 02:05:44 PM trains =>     station_id: 202
11/05/2020 02:05:44 PM trains =>     lines: 69
11/05/2020 02:05:44 PM trains =>     Start_end_stations: 179
11/05/2020 02:05:44 PM trains =>     station_id: 203
11/05/2020 02:05:44 PM trains =>     lines: 65
11/05/2020 02:05:44 PM trains =>     Start_end_stations: 180
11/05/2020 02:05:44 PM trains =>     station_id: 204
11/05/2020 02:05:44 PM trains =>     lines: 41
11/05/2020 02:05:44 PM trains =>     Start_end_stations: 181
11/05/2020 02:05:44 PM trains =>     station_id: 205
11/05/2020 02:05:44 PM trains =>     lines: 70
11/05/2020 02:05:44 PM trains =>     Start_end_stations: 182
11/05/2020 02:05:44 PM trains =>     station_id: 206
11/05/2020 02:05:44 PM trains =>     lines: 70
11/05/2020 02:05:44 PM trains =>     Start_end_stations: 183
11/05/2020 02:05:44 PM trains =>     station_id: 207
11/05/2020 02:05:44 PM trains =>     lines: 71
11/05/2020 02:05:44 PM trains =>     Start_end_stations: 184
11/05/2020 02:05:44 PM trains =>     station_id: 208
11/05/2020 02:05:44 PM trains =>     lines: 71
11/05/2020 02:05:44 PM trains =>     Start_end_stations: 184
11/05/2020 02:05:44 PM trains =>     station_id: 209
11/05/2020 02:05:44 PM trains =>     lines: 51
11/05/2020 02:05:44 PM trains =>     Start_end_stations: 185
11/05/2020 02:05:44 PM trains =>     station_id: 210
11/05/2020 02:05:44 PM trains =>     lines: 62
11/05/2020 02:05:44 PM trains =>     Start_end_stations: 186
11/05/2020 02:05:44 PM trains =>     station_id: 211
11/05/2020 02:05:44 PM trains =>     lines: 71
11/05/2020 02:05:44 PM trains =>     Start_end_stations: 184
11/05/2020 02:05:44 PM trains =>     station_id: 212
11/05/2020 02:05:44 PM trains =>     lines: 8
11/05/2020 02:05:44 PM trains =>     Start_end_stations: 187
11/05/2020 02:05:44 PM trains =>     station_id: 213
11/05/2020 02:05:44 PM trains =>     lines: 24
11/05/2020 02:05:44 PM trains =>     Start_end_stations: 188
11/05/2020 02:05:44 PM trains =>     station_id: 214
11/05/2020 02:05:44 PM trains =>     lines: 57
11/05/2020 02:05:44 PM trains =>     Start_end_stations: 189
11/05/2020 02:05:44 PM trains =>     station_id: 215
11/05/2020 02:05:44 PM trains =>     lines: 17
11/05/2020 02:05:44 PM trains =>     Start_end_stations: 190
11/05/2020 02:05:44 PM trains =>     station_id: 216
11/05/2020 02:05:44 PM trains =>     lines: 17
11/05/2020 02:05:44 PM trains =>     Start_end_stations: 190
11/05/2020 02:05:44 PM trains =>     station_id: 217
11/05/2020 02:05:44 PM trains =>     lines: 17
11/05/2020 02:05:44 PM trains =>     Start_end_stations: 191
11/05/2020 02:05:44 PM trains =>     station_id: 218
11/05/2020 02:05:44 PM trains =>     lines: 6
11/05/2020 02:05:44 PM trains =>     Start_end_stations: 192
11/05/2020 02:05:44 PM trains =>     station_id: 219
11/05/2020 02:05:44 PM trains =>     lines: 4
11/05/2020 02:05:44 PM trains =>     Start_end_stations: 193
11/05/2020 02:05:44 PM trains =>     station_id: 220
11/05/2020 02:05:44 PM trains =>     lines: 6
11/05/2020 02:05:44 PM trains =>     Start_end_stations: 194
11/05/2020 02:05:44 PM trains =>     station_id: 221
11/05/2020 02:05:44 PM trains =>     lines: 72
11/05/2020 02:05:44 PM trains =>     Start_end_stations: 195
11/05/2020 02:05:44 PM trains =>     station_id: 222
11/05/2020 02:05:44 PM trains =>     lines: 57
11/05/2020 02:05:44 PM trains =>     Start_end_stations: 196
11/05/2020 02:05:44 PM trains =>     station_id: 223
11/05/2020 02:05:44 PM trains =>     lines: 72
11/05/2020 02:05:44 PM trains =>     Start_end_stations: 195
11/05/2020 02:05:44 PM trains =>     station_id: 224
11/05/2020 02:05:44 PM trains =>     lines: 17
11/05/2020 02:05:44 PM trains =>     Start_end_stations: 197
11/05/2020 02:05:44 PM trains =>     station_id: 225
11/05/2020 02:05:44 PM trains =>     lines: 60
11/05/2020 02:05:44 PM trains =>     Start_end_stations: 198
11/05/2020 02:05:44 PM trains =>     station_id: 226
11/05/2020 02:05:44 PM trains =>     lines: 6
11/05/2020 02:05:44 PM trains =>     Start_end_stations: 199
11/05/2020 02:05:44 PM trains =>     station_id: 227
11/05/2020 02:05:44 PM trains =>     lines: 73
11/05/2020 02:05:44 PM trains =>     Start_end_stations: 200
11/05/2020 02:05:44 PM trains =>     station_id: 228
11/05/2020 02:05:44 PM trains =>     lines: 2
11/05/2020 02:05:44 PM trains =>     Start_end_stations: 201
11/05/2020 02:05:44 PM trains =>     station_id: 229
11/05/2020 02:05:44 PM trains =>     lines: 74
11/05/2020 02:05:44 PM trains =>     Start_end_stations: 202
11/05/2020 02:05:44 PM trains =>     station_id: 230
11/05/2020 02:05:44 PM trains =>     lines: 75
11/05/2020 02:05:44 PM trains =>     Start_end_stations: 203
11/05/2020 02:05:44 PM trains =>     station_id: 231
11/05/2020 02:05:44 PM trains =>     lines: 74
11/05/2020 02:05:44 PM trains =>     Start_end_stations: 204
11/05/2020 02:05:44 PM trains =>     station_id: 232
11/05/2020 02:05:44 PM trains =>     lines: 57
11/05/2020 02:05:44 PM trains =>     Start_end_stations: 205
11/05/2020 02:05:44 PM trains =>     station_id: 233
11/05/2020 02:05:44 PM trains =>     lines: 24
11/05/2020 02:05:44 PM trains =>     Start_end_stations: 206
11/05/2020 02:05:44 PM trains =>     station_id: 234
11/05/2020 02:05:44 PM trains =>     lines: 24
11/05/2020 02:05:44 PM trains =>     Start_end_stations: 207
11/05/2020 02:05:44 PM trains =>     station_id: 235
11/05/2020 02:05:44 PM trains =>     lines: 57
11/05/2020 02:05:44 PM trains =>     Start_end_stations: 208
11/05/2020 02:05:44 PM trains =>     station_id: 236
11/05/2020 02:05:44 PM trains =>     lines: 57
11/05/2020 02:05:44 PM trains =>     Start_end_stations: 209
11/05/2020 02:05:44 PM trains =>     station_id: 237
11/05/2020 02:05:44 PM trains =>     lines: 57
11/05/2020 02:05:44 PM trains =>     Start_end_stations: 205
11/05/2020 02:05:44 PM trains =>     station_id: 238
11/05/2020 02:05:44 PM trains =>     lines: 57
11/05/2020 02:05:44 PM trains =>     Start_end_stations: 205
11/05/2020 02:05:44 PM trains =>     station_id: 239
11/05/2020 02:05:44 PM trains =>     lines: 59
11/05/2020 02:05:44 PM trains =>     Start_end_stations: 210
11/05/2020 02:05:44 PM trains =>     station_id: 240
11/05/2020 02:05:44 PM trains =>     lines: 57
11/05/2020 02:05:44 PM trains =>     Start_end_stations: 211
11/05/2020 02:05:44 PM trains =>     station_id: 241
11/05/2020 02:05:44 PM trains =>     lines: 65
11/05/2020 02:05:44 PM trains =>     Start_end_stations: 212
11/05/2020 02:05:44 PM trains =>     station_id: 242
11/05/2020 02:05:44 PM trains =>     lines: 57
11/05/2020 02:05:44 PM trains =>     Start_end_stations: 213
11/05/2020 02:05:44 PM trains =>     station_id: 243
11/05/2020 02:05:44 PM trains =>     lines: 57
11/05/2020 02:05:44 PM trains =>     Start_end_stations: 214
11/05/2020 02:05:44 PM trains =>     station_id: 244
11/05/2020 02:05:44 PM trains =>     lines: 65
11/05/2020 02:05:44 PM trains =>     Start_end_stations: 215
11/05/2020 02:05:44 PM trains =>     station_id: 245
11/05/2020 02:05:44 PM trains =>     lines: 57
11/05/2020 02:05:44 PM trains =>     Start_end_stations: 122
11/05/2020 02:05:44 PM trains =>     station_id: 246
11/05/2020 02:05:44 PM trains =>     lines: 21
11/05/2020 02:05:44 PM trains =>     Start_end_stations: 216
11/05/2020 02:05:44 PM trains =>     station_id: 247
11/05/2020 02:05:44 PM trains =>     lines: 57
11/05/2020 02:05:44 PM trains =>     Start_end_stations: 217
11/05/2020 02:05:44 PM trains =>     station_id: 248
11/05/2020 02:05:44 PM trains =>     lines: 57
11/05/2020 02:05:44 PM trains =>     Start_end_stations: 218
11/05/2020 02:05:44 PM trains =>     station_id: 249
11/05/2020 02:05:44 PM trains =>     lines: 57
11/05/2020 02:05:44 PM trains =>     Start_end_stations: 219
11/05/2020 02:05:44 PM trains =>     station_id: 250
11/05/2020 02:05:44 PM trains =>     lines: 57
11/05/2020 02:05:44 PM trains =>     Start_end_stations: 217
11/05/2020 02:05:44 PM trains =>     station_id: 251
11/05/2020 02:05:44 PM trains =>     lines: 65
11/05/2020 02:05:44 PM trains =>     Start_end_stations: 220
11/05/2020 02:05:44 PM trains =>     station_id: 252
11/05/2020 02:05:44 PM trains =>     lines: 65
11/05/2020 02:05:44 PM trains =>     Start_end_stations: 164
11/05/2020 02:05:44 PM trains =>     station_id: 253
11/05/2020 02:05:44 PM trains =>     lines: 15
11/05/2020 02:05:44 PM trains =>     Start_end_stations: 221
11/05/2020 02:05:44 PM trains =>     station_id: 254
11/05/2020 02:05:44 PM trains =>     lines: 74
11/05/2020 02:05:44 PM trains =>     Start_end_stations: 222
11/05/2020 02:05:44 PM trains =>     station_id: 255
11/05/2020 02:05:44 PM trains =>     lines: 6
11/05/2020 02:05:44 PM trains =>     Start_end_stations: 223
11/05/2020 02:05:44 PM trains =>     station_id: 256
11/05/2020 02:05:44 PM trains =>     lines: 72
11/05/2020 02:05:44 PM trains =>     Start_end_stations: 224
11/05/2020 02:05:44 PM trains =>     station_id: 257
11/05/2020 02:05:44 PM trains =>     lines: 74
11/05/2020 02:05:44 PM trains =>     Start_end_stations: 225
11/05/2020 02:05:44 PM trains =>     station_id: 258
11/05/2020 02:05:44 PM trains =>     lines: 2
11/05/2020 02:05:44 PM trains =>     Start_end_stations: 226
11/05/2020 02:05:44 PM trains =>     station_id: 259
11/05/2020 02:05:44 PM trains =>     lines: 12
11/05/2020 02:05:44 PM trains =>     Start_end_stations: 227
11/05/2020 02:05:44 PM trains =>     station_id: 260
11/05/2020 02:05:44 PM trains =>     lines: 76
11/05/2020 02:05:44 PM trains =>     Start_end_stations: 228
11/05/2020 02:05:44 PM trains =>     station_id: 261
11/05/2020 02:05:44 PM trains =>     lines: 17
11/05/2020 02:05:44 PM trains =>     Start_end_stations: 229
11/05/2020 02:05:44 PM trains =>     station_id: 262
11/05/2020 02:05:44 PM trains =>     lines: 15
11/05/2020 02:05:44 PM trains =>     Start_end_stations: 230
11/05/2020 02:05:44 PM trains =>     station_id: 263
11/05/2020 02:05:44 PM trains =>     lines: 77
11/05/2020 02:05:44 PM trains =>     Start_end_stations: 231
11/05/2020 02:05:44 PM trains =>     station_id: 264
11/05/2020 02:05:44 PM trains =>     lines: 7
11/05/2020 02:05:44 PM trains =>     Start_end_stations: 232
11/05/2020 02:05:44 PM trains =>     station_id: 265
11/05/2020 02:05:44 PM trains =>     lines: 13
11/05/2020 02:05:44 PM trains =>     Start_end_stations: 233
11/05/2020 02:05:44 PM trains =>     station_id: 266
11/05/2020 02:05:44 PM trains =>     lines: 44
11/05/2020 02:05:44 PM trains =>     Start_end_stations: 234
11/05/2020 02:05:44 PM trains =>     station_id: 267
11/05/2020 02:05:45 PM trains =>     lines: 78
11/05/2020 02:05:45 PM trains =>     Start_end_stations: 235
11/05/2020 02:05:45 PM trains =>     station_id: 268
11/05/2020 02:05:45 PM trains =>     lines: 78
11/05/2020 02:05:45 PM trains =>     Start_end_stations: 236
11/05/2020 02:05:45 PM trains =>     station_id: 269
11/05/2020 02:05:45 PM trains =>     lines: 19
11/05/2020 02:05:45 PM trains =>     Start_end_stations: 237
11/05/2020 02:05:45 PM trains =>     station_id: 270
11/05/2020 02:05:45 PM trains =>     lines: 24
11/05/2020 02:05:45 PM trains =>     Start_end_stations: 238
11/05/2020 02:05:45 PM trains =>     station_id: 271
11/05/2020 02:05:45 PM trains =>     lines: 75
11/05/2020 02:05:45 PM trains =>     Start_end_stations: 239
11/05/2020 02:05:45 PM trains =>     station_id: 272
11/05/2020 02:05:45 PM trains =>     lines: 24
11/05/2020 02:05:45 PM trains =>     Start_end_stations: 240
11/05/2020 02:05:45 PM trains =>     station_id: 273
11/05/2020 02:05:45 PM trains =>     lines: 79
11/05/2020 02:05:45 PM trains =>     Start_end_stations: 241
11/05/2020 02:05:45 PM trains =>     station_id: 274
11/05/2020 02:05:45 PM trains =>     lines: 4
11/05/2020 02:05:45 PM trains =>     Start_end_stations: 242
11/05/2020 02:05:45 PM trains =>     station_id: 275
11/05/2020 02:05:45 PM trains =>     lines: 6
11/05/2020 02:05:45 PM trains =>     Start_end_stations: 19
11/05/2020 02:05:45 PM trains =>     station_id: 276
11/05/2020 02:05:45 PM trains =>     lines: 23
11/05/2020 02:05:45 PM trains =>     Start_end_stations: 243
11/05/2020 02:05:45 PM trains =>     station_id: 277
11/05/2020 02:05:45 PM trains =>     lines: 17
11/05/2020 02:05:45 PM trains =>     Start_end_stations: 244
11/05/2020 02:05:45 PM trains =>     station_id: 278
11/05/2020 02:05:45 PM trains =>     lines: 6
11/05/2020 02:05:45 PM trains =>     Start_end_stations: 19
11/05/2020 02:05:45 PM trains =>     station_id: 279
11/05/2020 02:05:45 PM trains =>     lines: 80
11/05/2020 02:05:45 PM trains =>     Start_end_stations: 245
11/05/2020 02:05:45 PM trains =>     station_id: 280
11/05/2020 02:05:45 PM trains =>     lines: 6
11/05/2020 02:05:45 PM trains =>     Start_end_stations: 246
11/05/2020 02:05:45 PM trains =>     station_id: 281
11/05/2020 02:05:45 PM trains =>     lines: 81
11/05/2020 02:05:45 PM trains =>     Start_end_stations: 247
11/05/2020 02:05:45 PM trains =>     station_id: 282
11/05/2020 02:05:45 PM trains =>     lines: 48
11/05/2020 02:05:45 PM trains =>     Start_end_stations: 248
11/05/2020 02:05:45 PM trains =>     station_id: 283
11/05/2020 02:05:45 PM trains =>     lines: 82
11/05/2020 02:05:45 PM trains =>     Start_end_stations: 249
11/05/2020 02:05:45 PM trains =>     station_id: 284
11/05/2020 02:05:45 PM trains =>     lines: 68
11/05/2020 02:05:45 PM trains =>     Start_end_stations: 250
11/05/2020 02:05:45 PM trains =>     station_id: 285
11/05/2020 02:05:45 PM trains =>     lines: 30
11/05/2020 02:05:45 PM trains =>     Start_end_stations: 251
11/05/2020 02:05:45 PM trains =>     station_id: 286
11/05/2020 02:05:45 PM trains =>     lines: 6
11/05/2020 02:05:45 PM trains =>     Start_end_stations: 252
11/05/2020 02:05:45 PM trains =>     station_id: 287
11/05/2020 02:05:45 PM trains =>     lines: 68
11/05/2020 02:05:45 PM trains =>     Start_end_stations: 253
11/05/2020 02:05:45 PM trains =>     station_id: 288
11/05/2020 02:05:45 PM trains =>     lines: 7
11/05/2020 02:05:45 PM trains =>     Start_end_stations: 254
11/05/2020 02:05:45 PM trains =>     station_id: 289
11/05/2020 02:05:45 PM trains =>     lines: 7
11/05/2020 02:05:45 PM trains =>     Start_end_stations: 255
11/05/2020 02:05:45 PM trains =>     station_id: 290
11/05/2020 02:05:45 PM trains =>     lines: 16
11/05/2020 02:05:45 PM trains =>     Start_end_stations: 256
11/05/2020 02:05:45 PM trains =>     station_id: 291
11/05/2020 02:05:45 PM trains =>     lines: 83
11/05/2020 02:05:45 PM trains =>     Start_end_stations: 257
11/05/2020 02:05:45 PM trains =>     station_id: 292
11/05/2020 02:05:45 PM trains =>     lines: 9
11/05/2020 02:05:45 PM trains =>     Start_end_stations: 258
11/05/2020 02:05:45 PM trains =>     station_id: 293
11/05/2020 02:05:45 PM trains =>     lines: 24
11/05/2020 02:05:45 PM trains =>     Start_end_stations: 259
11/05/2020 02:05:45 PM trains =>     station_id: 294
11/05/2020 02:05:45 PM trains =>     lines: 84
11/05/2020 02:05:45 PM trains =>     Start_end_stations: 260
11/05/2020 02:05:45 PM trains =>     station_id: 295
11/05/2020 02:05:45 PM trains =>     lines: 17
11/05/2020 02:05:45 PM trains =>     Start_end_stations: 261
11/05/2020 02:05:45 PM trains =>     station_id: 296
11/05/2020 02:05:45 PM trains =>     lines: 8
11/05/2020 02:05:45 PM trains =>     Start_end_stations: 262
11/05/2020 02:05:45 PM trains =>     station_id: 297
11/05/2020 02:05:45 PM trains =>     lines: 85
11/05/2020 02:05:45 PM trains =>     Start_end_stations: 263
11/05/2020 02:05:45 PM trains =>     station_id: 298
11/05/2020 02:05:45 PM trains =>     lines: 20
11/05/2020 02:05:45 PM trains =>     Start_end_stations: 264
11/05/2020 02:05:45 PM trains =>     station_id: 299
11/05/2020 02:05:45 PM trains =>     lines: 15
11/05/2020 02:05:45 PM trains =>     Start_end_stations: 265
11/05/2020 02:05:45 PM trains =>     station_id: 300
11/05/2020 02:05:45 PM trains =>     lines: 12
11/05/2020 02:05:45 PM trains =>     Start_end_stations: 266
11/05/2020 02:05:45 PM trains =>     station_id: 301
11/05/2020 02:05:45 PM trains =>     lines: 12
11/05/2020 02:05:45 PM trains =>     Start_end_stations: 267
11/05/2020 02:05:45 PM trains =>     station_id: 302
11/05/2020 02:05:45 PM trains =>     lines: 86
11/05/2020 02:05:45 PM trains =>     Start_end_stations: 268
11/05/2020 02:05:45 PM trains =>     station_id: 303
11/05/2020 02:05:45 PM trains =>     lines: 87
11/05/2020 02:05:45 PM trains =>     Start_end_stations: 269
11/05/2020 02:05:45 PM trains =>     station_id: 304
11/05/2020 02:05:45 PM trains =>     lines: 87
11/05/2020 02:05:45 PM trains =>     Start_end_stations: 269
11/05/2020 02:05:45 PM trains =>     station_id: 305
11/05/2020 02:05:45 PM trains =>     lines: 15
11/05/2020 02:05:45 PM trains =>     Start_end_stations: 270
11/05/2020 02:05:45 PM trains =>     station_id: 306
11/05/2020 02:05:45 PM trains =>     lines: 86
11/05/2020 02:05:45 PM trains =>     Start_end_stations: 271
11/05/2020 02:05:45 PM trains =>     station_id: 307
11/05/2020 02:05:45 PM trains =>     lines: 86
11/05/2020 02:05:45 PM trains =>     Start_end_stations: 272
11/05/2020 02:05:45 PM trains =>     station_id: 308
11/05/2020 02:05:45 PM trains =>     lines: 31
11/05/2020 02:05:45 PM trains =>     Start_end_stations: 273
11/05/2020 02:05:45 PM trains =>     station_id: 309
11/05/2020 02:05:45 PM trains =>     lines: 86
11/05/2020 02:05:45 PM trains =>     Start_end_stations: 272
11/05/2020 02:05:45 PM trains =>     station_id: 310
11/05/2020 02:05:45 PM trains =>     lines: 20
11/05/2020 02:05:45 PM trains =>     Start_end_stations: 274
11/05/2020 02:05:45 PM trains =>     station_id: 311
11/05/2020 02:05:45 PM trains =>     lines: 12
11/05/2020 02:05:45 PM trains =>     Start_end_stations: 275
11/05/2020 02:05:45 PM trains =>     station_id: 312
11/05/2020 02:05:45 PM trains =>     lines: 26
11/05/2020 02:05:45 PM trains =>     Start_end_stations: 276
11/05/2020 02:05:45 PM trains =>     station_id: 313
11/05/2020 02:05:45 PM trains =>     lines: 6
11/05/2020 02:05:45 PM trains =>     Start_end_stations: 277
11/05/2020 02:05:45 PM trains =>     station_id: 314
11/05/2020 02:05:45 PM trains =>     lines: 27
11/05/2020 02:05:45 PM trains =>     Start_end_stations: 278
11/05/2020 02:05:45 PM trains =>     station_id: 315
11/05/2020 02:05:45 PM trains =>     lines: 84
11/05/2020 02:05:45 PM trains =>     Start_end_stations: 279
11/05/2020 02:05:45 PM trains =>     station_id: 316
11/05/2020 02:05:45 PM trains =>     lines: 49
11/05/2020 02:05:45 PM trains =>     Start_end_stations: 280
11/05/2020 02:05:45 PM trains =>     station_id: 317
11/05/2020 02:05:45 PM trains =>     lines: 31
11/05/2020 02:05:45 PM trains =>     Start_end_stations: 281
11/05/2020 02:05:45 PM trains =>     station_id: 318
11/05/2020 02:05:45 PM trains =>     lines: 18
11/05/2020 02:05:45 PM trains =>     Start_end_stations: 81
11/05/2020 02:05:45 PM trains =>     station_id: 319
11/05/2020 02:05:45 PM trains =>     lines: 57
11/05/2020 02:05:45 PM trains =>     Start_end_stations: 282
11/05/2020 02:05:45 PM trains =>     station_id: 320
11/05/2020 02:05:45 PM trains =>     lines: 84
11/05/2020 02:05:45 PM trains =>     Start_end_stations: 283
11/05/2020 02:05:45 PM trains =>     station_id: 321
11/05/2020 02:05:45 PM trains =>     lines: 32
11/05/2020 02:05:45 PM trains =>     Start_end_stations: 284
11/05/2020 02:05:45 PM trains =>     station_id: 322
11/05/2020 02:05:45 PM trains =>     lines: 34
11/05/2020 02:05:45 PM trains =>     Start_end_stations: 88
11/05/2020 02:05:45 PM trains =>     station_id: 323
11/05/2020 02:05:45 PM trains =>     lines: 88
11/05/2020 02:05:45 PM trains =>     Start_end_stations: 285
11/05/2020 02:05:45 PM trains =>     station_id: 324
11/05/2020 02:05:45 PM trains =>     lines: 74
11/05/2020 02:05:45 PM trains =>     Start_end_stations: 286
11/05/2020 02:05:45 PM trains =>     station_id: 325
11/05/2020 02:05:45 PM trains =>     lines: 75
11/05/2020 02:05:45 PM trains =>     Start_end_stations: 287
11/05/2020 02:05:45 PM trains =>     station_id: 326
11/05/2020 02:05:45 PM trains =>     lines: 71
11/05/2020 02:05:45 PM trains =>     Start_end_stations: 288
11/05/2020 02:05:45 PM trains =>     station_id: 327
11/05/2020 02:05:45 PM trains =>     lines: 57
11/05/2020 02:05:45 PM trains =>     Start_end_stations: 289
11/05/2020 02:05:45 PM trains =>     station_id: 328
11/05/2020 02:05:45 PM trains =>     lines: 89
11/05/2020 02:05:45 PM trains =>     Start_end_stations: 290
11/05/2020 02:05:45 PM trains =>     station_id: 329
11/05/2020 02:05:45 PM trains =>     lines: 4
11/05/2020 02:05:45 PM trains =>     Start_end_stations: 4
11/05/2020 02:05:45 PM trains =>     station_id: 330
11/05/2020 02:05:45 PM trains =>     lines: 26
11/05/2020 02:05:45 PM trains =>     Start_end_stations: 38
11/05/2020 02:05:45 PM trains =>     station_id: 331
11/05/2020 02:05:45 PM trains =>     lines: 15
11/05/2020 02:05:45 PM trains =>     Start_end_stations: 291
11/05/2020 02:05:45 PM trains =>     station_id: 332
11/05/2020 02:05:45 PM trains =>     lines: 4
11/05/2020 02:05:45 PM trains =>     Start_end_stations: 4
11/05/2020 02:05:45 PM trains =>     station_id: 333
11/05/2020 02:05:45 PM trains =>     lines: 4
11/05/2020 02:05:45 PM trains =>     Start_end_stations: 4
11/05/2020 02:05:45 PM trains =>     station_id: 334
11/05/2020 02:05:45 PM trains =>     lines: 21
11/05/2020 02:05:45 PM trains =>     Start_end_stations: 292
11/05/2020 02:05:45 PM trains =>     station_id: 335
11/05/2020 02:05:45 PM trains =>     lines: 2
11/05/2020 02:05:45 PM trains =>     Start_end_stations: 293
11/05/2020 02:05:45 PM trains =>     station_id: 336
11/05/2020 02:05:45 PM trains =>     lines: 30
11/05/2020 02:05:45 PM trains =>     Start_end_stations: 294
11/05/2020 02:05:45 PM trains =>     station_id: 337
11/05/2020 02:05:45 PM trains =>     lines: 90
11/05/2020 02:05:45 PM trains =>     Start_end_stations: 295
11/05/2020 02:05:45 PM trains =>     station_id: 338
11/05/2020 02:05:45 PM trains =>     lines: 61
11/05/2020 02:05:45 PM trains =>     Start_end_stations: 296
11/05/2020 02:05:45 PM trains =>     station_id: 339
11/05/2020 02:05:45 PM trains =>     lines: 91
11/05/2020 02:05:45 PM trains =>     Start_end_stations: 297
11/05/2020 02:05:45 PM trains =>     station_id: 340
11/05/2020 02:05:45 PM trains =>     lines: 15
11/05/2020 02:05:45 PM trains =>     Start_end_stations: 298
11/05/2020 02:05:45 PM trains =>     station_id: 341
11/05/2020 02:05:45 PM trains =>     lines: 74
11/05/2020 02:05:45 PM trains =>     Start_end_stations: 299
11/05/2020 02:05:45 PM trains =>     station_id: 342
11/05/2020 02:05:45 PM trains =>     lines: 57
11/05/2020 02:05:45 PM trains =>     Start_end_stations: 300
11/05/2020 02:05:45 PM trains =>     station_id: 343
11/05/2020 02:05:45 PM trains =>     lines: 21
11/05/2020 02:05:45 PM trains =>     Start_end_stations: 301
11/05/2020 02:05:45 PM trains =>     station_id: 344
11/05/2020 02:05:45 PM trains =>     lines: 13
11/05/2020 02:05:45 PM trains =>     Start_end_stations: 302
11/05/2020 02:05:45 PM trains =>     station_id: 345
11/05/2020 02:05:45 PM trains =>     lines: 92
11/05/2020 02:05:45 PM trains =>     Start_end_stations: 303
11/05/2020 02:05:45 PM trains =>     station_id: 346
11/05/2020 02:05:45 PM trains =>     lines: 16
11/05/2020 02:05:45 PM trains =>     Start_end_stations: 304
11/05/2020 02:05:45 PM trains =>     station_id: 347
11/05/2020 02:05:45 PM trains =>     lines: 75
11/05/2020 02:05:45 PM trains =>     Start_end_stations: 305
11/05/2020 02:05:45 PM trains =>     station_id: 348
11/05/2020 02:05:45 PM trains =>     lines: 12
11/05/2020 02:05:45 PM trains =>     Start_end_stations: 306
11/05/2020 02:05:45 PM trains =>     station_id: 349
11/05/2020 02:05:45 PM trains =>     lines: 34
11/05/2020 02:05:45 PM trains =>     Start_end_stations: 307
11/05/2020 02:05:45 PM trains =>     station_id: 350
11/05/2020 02:05:45 PM trains =>     lines: 20
11/05/2020 02:05:45 PM trains =>     Start_end_stations: 308
11/05/2020 02:05:45 PM trains =>     station_id: 351
11/05/2020 02:05:45 PM trains =>     lines: 12
11/05/2020 02:05:45 PM trains =>     Start_end_stations: 267
11/05/2020 02:05:45 PM trains =>     station_id: 352
11/05/2020 02:05:45 PM trains =>     lines: 12
11/05/2020 02:05:45 PM trains =>     Start_end_stations: 309
11/05/2020 02:05:45 PM trains =>     station_id: 353
11/05/2020 02:05:45 PM trains =>     lines: 21
11/05/2020 02:05:45 PM trains =>     Start_end_stations: 310
11/05/2020 02:05:45 PM trains =>     station_id: 354
11/05/2020 02:05:45 PM trains =>     lines: 26
11/05/2020 02:05:45 PM trains =>     Start_end_stations: 311
11/05/2020 02:05:45 PM trains =>     station_id: 355
11/05/2020 02:05:45 PM trains =>     lines: 21
11/05/2020 02:05:45 PM trains =>     Start_end_stations: 312
11/05/2020 02:05:45 PM trains =>     station_id: 356
11/05/2020 02:05:45 PM trains =>     lines: 21
11/05/2020 02:05:45 PM trains =>     Start_end_stations: 313
11/05/2020 02:05:45 PM trains =>     station_id: 357
11/05/2020 02:05:45 PM trains =>     lines: 13
11/05/2020 02:05:45 PM trains =>     Start_end_stations: 18
11/05/2020 02:05:45 PM trains =>     station_id: 358
11/05/2020 02:05:45 PM trains =>     lines: 13
11/05/2020 02:05:45 PM trains =>     Start_end_stations: 314
11/05/2020 02:05:45 PM trains =>     station_id: 359
11/05/2020 02:05:45 PM trains =>     lines: 13
11/05/2020 02:05:45 PM trains =>     Start_end_stations: 315
11/05/2020 02:05:45 PM trains =>     station_id: 360
11/05/2020 02:05:45 PM trains =>     lines: 21
11/05/2020 02:05:45 PM trains =>     Start_end_stations: 316
11/05/2020 02:05:45 PM trains =>     station_id: 361
11/05/2020 02:05:45 PM trains =>     lines: 16
11/05/2020 02:05:45 PM trains =>     Start_end_stations: 317
11/05/2020 02:05:45 PM trains =>     station_id: 362
11/05/2020 02:05:45 PM trains =>     lines: 93
11/05/2020 02:05:45 PM trains =>     Start_end_stations: 318
11/05/2020 02:05:45 PM trains =>     station_id: 363
11/05/2020 02:05:45 PM trains =>     lines: 12
11/05/2020 02:05:45 PM trains =>     Start_end_stations: 20
11/05/2020 02:05:45 PM trains =>     station_id: 364
11/05/2020 02:05:45 PM trains =>     lines: 21
11/05/2020 02:05:45 PM trains =>     Start_end_stations: 69
11/05/2020 02:05:45 PM trains =>     station_id: 365
11/05/2020 02:05:45 PM trains =>     lines: 13
11/05/2020 02:05:45 PM trains =>     Start_end_stations: 319
11/05/2020 02:05:45 PM trains =>     station_id: 366
11/05/2020 02:05:45 PM trains =>     lines: 13
11/05/2020 02:05:45 PM trains =>     Start_end_stations: 320
11/05/2020 02:05:45 PM trains =>     station_id: 367
11/05/2020 02:05:45 PM trains =>     lines: 13
11/05/2020 02:05:45 PM trains =>     Start_end_stations: 321
11/05/2020 02:05:45 PM trains =>     station_id: 368
11/05/2020 02:05:45 PM trains =>     lines: 16
11/05/2020 02:05:45 PM trains =>     Start_end_stations: 322
11/05/2020 02:05:45 PM trains =>     station_id: 369
11/05/2020 02:05:45 PM trains =>     lines: 94
11/05/2020 02:05:45 PM trains =>     Start_end_stations: 323
11/05/2020 02:05:45 PM trains =>     station_id: 370
11/05/2020 02:05:45 PM trains =>     lines: 16
11/05/2020 02:05:46 PM trains =>     Start_end_stations: 324
11/05/2020 02:05:46 PM trains =>     station_id: 371
11/05/2020 02:05:46 PM trains =>     lines: 18
11/05/2020 02:05:46 PM trains =>     Start_end_stations: 27
11/05/2020 02:05:46 PM trains =>     station_id: 372
11/05/2020 02:05:46 PM trains =>     lines: 13
11/05/2020 02:05:46 PM trains =>     Start_end_stations: 325
11/05/2020 02:05:46 PM trains =>     station_id: 373
11/05/2020 02:05:46 PM trains =>     lines: 81
11/05/2020 02:05:46 PM trains =>     Start_end_stations: 326
11/05/2020 02:05:46 PM trains =>     station_id: 374
11/05/2020 02:05:46 PM trains =>     lines: 16
11/05/2020 02:05:46 PM trains =>     Start_end_stations: 327
11/05/2020 02:05:46 PM trains =>     station_id: 375
11/05/2020 02:05:46 PM trains =>     lines: 15
11/05/2020 02:05:46 PM trains =>     Start_end_stations: 32
11/05/2020 02:05:46 PM trains =>     station_id: 376
11/05/2020 02:05:46 PM trains =>     lines: 43
11/05/2020 02:05:46 PM trains =>     Start_end_stations: 328
11/05/2020 02:05:46 PM trains =>     station_id: 377
11/05/2020 02:05:46 PM trains =>     lines: 43
11/05/2020 02:05:46 PM trains =>     Start_end_stations: 328
11/05/2020 02:05:46 PM trains =>     station_id: 378
11/05/2020 02:05:46 PM trains =>     lines: 94
11/05/2020 02:05:46 PM trains =>     Start_end_stations: 323
11/05/2020 02:05:46 PM trains =>     station_id: 379
11/05/2020 02:05:46 PM trains =>     lines: 30
11/05/2020 02:05:46 PM trains =>     Start_end_stations: 329
11/05/2020 02:05:46 PM trains =>     station_id: 380
11/05/2020 02:05:46 PM trains =>     lines: 71
11/05/2020 02:05:46 PM trains =>     Start_end_stations: 330
11/05/2020 02:05:46 PM trains =>     station_id: 381
11/05/2020 02:05:46 PM trains =>     lines: 25
11/05/2020 02:05:46 PM trains =>     Start_end_stations: 37
11/05/2020 02:05:46 PM trains =>     station_id: 382
11/05/2020 02:05:46 PM trains =>     lines: 21
11/05/2020 02:05:46 PM trains =>     Start_end_stations: 331
11/05/2020 02:05:46 PM trains =>     station_id: 383
11/05/2020 02:05:46 PM trains =>     lines: 30
11/05/2020 02:05:46 PM trains =>     Start_end_stations: 332
11/05/2020 02:05:46 PM trains =>     station_id: 384
11/05/2020 02:05:46 PM trains =>     lines: 21
11/05/2020 02:05:46 PM trains =>     Start_end_stations: 333
11/05/2020 02:05:46 PM trains =>     station_id: 385
11/05/2020 02:05:46 PM trains =>     lines: 95
11/05/2020 02:05:46 PM trains =>     Start_end_stations: 334
11/05/2020 02:05:46 PM trains =>     station_id: 386
11/05/2020 02:05:46 PM trains =>     lines: 13
11/05/2020 02:05:46 PM trains =>     Start_end_stations: 335
11/05/2020 02:05:46 PM trains =>     station_id: 387
11/05/2020 02:05:46 PM trains =>     lines: 60
11/05/2020 02:05:46 PM trains =>     Start_end_stations: 336
11/05/2020 02:05:46 PM trains =>     station_id: 388
11/05/2020 02:05:46 PM trains =>     lines: 21
11/05/2020 02:05:46 PM trains =>     Start_end_stations: 331
11/05/2020 02:05:46 PM trains =>     station_id: 389
11/05/2020 02:05:46 PM trains =>     lines: 27
11/05/2020 02:05:46 PM trains =>     Start_end_stations: 39
11/05/2020 02:05:46 PM trains =>     station_id: 390
11/05/2020 02:05:46 PM trains =>     lines: 21
11/05/2020 02:05:46 PM trains =>     Start_end_stations: 337
11/05/2020 02:05:46 PM trains =>     station_id: 391
11/05/2020 02:05:46 PM trains =>     lines: 68
11/05/2020 02:05:46 PM trains =>     Start_end_stations: 338
11/05/2020 02:05:46 PM trains =>     station_id: 392
11/05/2020 02:05:46 PM trains =>     lines: 29
11/05/2020 02:05:46 PM trains =>     Start_end_stations: 339
11/05/2020 02:05:46 PM trains =>     station_id: 393
11/05/2020 02:05:46 PM trains =>     lines: 9
11/05/2020 02:05:46 PM trains =>     Start_end_stations: 340
11/05/2020 02:05:46 PM trains =>     station_id: 394
11/05/2020 02:05:46 PM trains =>     lines: 21
11/05/2020 02:05:46 PM trains =>     Start_end_stations: 341
11/05/2020 02:05:46 PM trains =>     station_id: 395
11/05/2020 02:05:46 PM trains =>     lines: 21
11/05/2020 02:05:46 PM trains =>     Start_end_stations: 342
11/05/2020 02:05:46 PM trains =>     station_id: 396
11/05/2020 02:05:46 PM trains =>     lines: 7
11/05/2020 02:05:46 PM trains =>     Start_end_stations: 343
11/05/2020 02:05:46 PM trains =>     station_id: 397
11/05/2020 02:05:46 PM trains =>     lines: 60
11/05/2020 02:05:46 PM trains =>     Start_end_stations: 344
11/05/2020 02:05:46 PM trains =>     station_id: 398
11/05/2020 02:05:46 PM trains =>     lines: 25
11/05/2020 02:05:46 PM trains =>     Start_end_stations: 345
11/05/2020 02:05:46 PM trains =>     station_id: 399
11/05/2020 02:05:46 PM trains =>     lines: 34
11/05/2020 02:05:46 PM trains =>     Start_end_stations: 47
11/05/2020 02:05:46 PM trains =>     station_id: 400
11/05/2020 02:05:46 PM trains =>     lines: 60
11/05/2020 02:05:46 PM trains =>     Start_end_stations: 346
11/05/2020 02:05:46 PM trains =>     station_id: 401
11/05/2020 02:05:46 PM trains =>     lines: 2
11/05/2020 02:05:46 PM trains =>     Start_end_stations: 293
11/05/2020 02:05:46 PM trains =>     station_id: 402
11/05/2020 02:05:46 PM trains =>     lines: 96
11/05/2020 02:05:46 PM trains =>     Start_end_stations: 347
11/05/2020 02:05:46 PM trains =>     station_id: 403
11/05/2020 02:05:46 PM trains =>     lines: 32
11/05/2020 02:05:46 PM trains =>     Start_end_stations: 348
11/05/2020 02:05:46 PM trains =>     station_id: 404
11/05/2020 02:05:46 PM trains =>     lines: 43
11/05/2020 02:05:46 PM trains =>     Start_end_stations: 349
11/05/2020 02:05:46 PM trains =>     station_id: 405
11/05/2020 02:05:46 PM trains =>     lines: 17
11/05/2020 02:05:46 PM trains =>     Start_end_stations: 350
11/05/2020 02:05:46 PM trains =>     station_id: 406
11/05/2020 02:05:46 PM trains =>     lines: 6
11/05/2020 02:05:46 PM trains =>     Start_end_stations: 351
11/05/2020 02:05:46 PM trains =>     station_id: 407
11/05/2020 02:05:46 PM trains =>     lines: 15
11/05/2020 02:05:46 PM trains =>     Start_end_stations: 352
11/05/2020 02:05:46 PM trains =>     station_id: 408
11/05/2020 02:05:46 PM trains =>     lines: 6
11/05/2020 02:05:46 PM trains =>     Start_end_stations: 65
11/05/2020 02:05:46 PM trains =>     station_id: 409
11/05/2020 02:05:46 PM trains =>     lines: 20
11/05/2020 02:05:46 PM trains =>     Start_end_stations: 353
11/05/2020 02:05:46 PM trains =>     station_id: 410
11/05/2020 02:05:46 PM trains =>     lines: 6
11/05/2020 02:05:46 PM trains =>     Start_end_stations: 354
11/05/2020 02:05:46 PM trains =>     station_id: 411
11/05/2020 02:05:46 PM trains =>     lines: 24
11/05/2020 02:05:46 PM trains =>     Start_end_stations: 355
11/05/2020 02:05:46 PM trains =>     station_id: 412
11/05/2020 02:05:46 PM trains =>     lines: 57
11/05/2020 02:05:46 PM trains =>     Start_end_stations: 214
11/05/2020 02:05:46 PM trains =>     station_id: 413
11/05/2020 02:05:46 PM trains =>     lines: 19
11/05/2020 02:05:46 PM trains =>     Start_end_stations: 356
11/05/2020 02:05:46 PM trains =>     station_id: 414
11/05/2020 02:05:46 PM trains =>     lines: 19
11/05/2020 02:05:46 PM trains =>     Start_end_stations: 357
11/05/2020 02:05:46 PM trains =>     station_id: 415
11/05/2020 02:05:46 PM trains =>     lines: 25
11/05/2020 02:05:46 PM trains =>     Start_end_stations: 358
11/05/2020 02:05:46 PM trains =>     station_id: 416
11/05/2020 02:05:46 PM trains =>     lines: 6
11/05/2020 02:05:46 PM trains =>     Start_end_stations: 359
11/05/2020 02:05:46 PM trains =>     station_id: 417
11/05/2020 02:05:46 PM trains =>     lines: 6
11/05/2020 02:05:46 PM trains =>     Start_end_stations: 360
11/05/2020 02:05:46 PM trains =>     station_id: 418
11/05/2020 02:05:46 PM trains =>     lines: 97
11/05/2020 02:05:46 PM trains =>     Start_end_stations: 361
11/05/2020 02:05:46 PM trains =>     station_id: 419
11/05/2020 02:05:46 PM trains =>     lines: 21
11/05/2020 02:05:46 PM trains =>     Start_end_stations: 362
11/05/2020 02:05:46 PM trains =>     station_id: 420
11/05/2020 02:05:46 PM trains =>     lines: 98
11/05/2020 02:05:46 PM trains =>     Start_end_stations: 363
11/05/2020 02:05:46 PM trains =>     station_id: 421
11/05/2020 02:05:46 PM trains =>     lines: 97
11/05/2020 02:05:46 PM trains =>     Start_end_stations: 364
11/05/2020 02:05:46 PM trains =>     station_id: 422
11/05/2020 02:05:46 PM trains =>     lines: 40
11/05/2020 02:05:46 PM trains =>     Start_end_stations: 365
11/05/2020 02:05:46 PM trains =>     station_id: 423
11/05/2020 02:05:46 PM trains =>     lines: 97
11/05/2020 02:05:46 PM trains =>     Start_end_stations: 366
11/05/2020 02:05:46 PM trains =>     station_id: 424
11/05/2020 02:05:46 PM trains =>     lines: 15
11/05/2020 02:05:46 PM trains =>     Start_end_stations: 32
11/05/2020 02:05:46 PM trains =>     station_id: 425
11/05/2020 02:05:46 PM trains =>     lines: 99
11/05/2020 02:05:46 PM trains =>     Start_end_stations: 367
11/05/2020 02:05:46 PM trains =>     station_id: 426
11/05/2020 02:05:46 PM trains =>     lines: 26
11/05/2020 02:05:46 PM trains =>     Start_end_stations: 368
11/05/2020 02:05:46 PM trains =>     station_id: 427
11/05/2020 02:05:46 PM trains =>     lines: 100
11/05/2020 02:05:46 PM trains =>     Start_end_stations: 369
11/05/2020 02:05:46 PM trains =>     station_id: 428
11/05/2020 02:05:46 PM trains =>     lines: 26
11/05/2020 02:05:46 PM trains =>     Start_end_stations: 370
11/05/2020 02:05:46 PM trains =>     station_id: 429
11/05/2020 02:05:46 PM trains =>     lines: 100
11/05/2020 02:05:46 PM trains =>     Start_end_stations: 371
11/05/2020 02:05:46 PM trains =>     station_id: 430
11/05/2020 02:05:46 PM trains =>     lines: 101
11/05/2020 02:05:46 PM trains =>     Start_end_stations: 372
11/05/2020 02:05:46 PM trains =>     station_id: 431
11/05/2020 02:05:46 PM trains =>     lines: 102
11/05/2020 02:05:46 PM trains =>     Start_end_stations: 373
11/05/2020 02:05:46 PM trains =>     station_id: 432
11/05/2020 02:05:46 PM trains =>     lines: 15
11/05/2020 02:05:46 PM trains =>     Start_end_stations: 374
11/05/2020 02:05:46 PM trains =>     station_id: 433
11/05/2020 02:05:46 PM trains =>     lines: 29
11/05/2020 02:05:46 PM trains =>     Start_end_stations: 375
11/05/2020 02:05:46 PM trains =>     station_id: 434
11/05/2020 02:05:46 PM trains =>     lines: 76
11/05/2020 02:05:46 PM trains =>     Start_end_stations: 376
11/05/2020 02:05:46 PM trains =>     station_id: 435
11/05/2020 02:05:46 PM trains =>     lines: 15
11/05/2020 02:05:46 PM trains =>     Start_end_stations: 377
11/05/2020 02:05:46 PM trains =>     station_id: 436
11/05/2020 02:05:46 PM trains =>     lines: 32
11/05/2020 02:05:46 PM trains =>     Start_end_stations: 378
11/05/2020 02:05:46 PM trains =>     station_id: 437
11/05/2020 02:05:46 PM trains =>     lines: 103
11/05/2020 02:05:46 PM trains =>     Start_end_stations: 379
11/05/2020 02:05:46 PM trains =>     station_id: 438
11/05/2020 02:05:46 PM trains =>     lines: 104
11/05/2020 02:05:46 PM trains =>     Start_end_stations: 380
11/05/2020 02:05:46 PM trains =>     station_id: 439
11/05/2020 02:05:46 PM trains =>     lines: 16
11/05/2020 02:05:46 PM trains =>     Start_end_stations: 381
11/05/2020 02:05:46 PM trains =>     station_id: 440
11/05/2020 02:05:46 PM trains =>     lines: 20
11/05/2020 02:05:46 PM trains =>     Start_end_stations: 382
11/05/2020 02:05:46 PM trains =>     station_id: 441
11/05/2020 02:05:46 PM trains =>     lines: 20
11/05/2020 02:05:46 PM trains =>     Start_end_stations: 383
11/05/2020 02:05:46 PM trains =>     station_id: 442
11/05/2020 02:05:46 PM trains =>     lines: 105
11/05/2020 02:05:46 PM trains =>     Start_end_stations: 384
11/05/2020 02:05:46 PM trains =>     station_id: 443
11/05/2020 02:05:46 PM trains =>     lines: 76
11/05/2020 02:05:46 PM trains =>     Start_end_stations: 376
11/05/2020 02:05:46 PM trains =>     station_id: 444
11/05/2020 02:05:46 PM trains =>     lines: 23
11/05/2020 02:05:46 PM trains =>     Start_end_stations: 385
11/05/2020 02:05:46 PM trains =>     station_id: 445
11/05/2020 02:05:46 PM Lines: 105,  Start_end_stations: 385,  Stations: 445
11/05/2020 02:05:46 PM train_infos: Finished
